Building...
info: Microsoft.Hosting.Lifetime[14]
      Now listening on: http://0.0.0.0:5263
info: Microsoft.Hosting.Lifetime[0]
      Application started. Press Ctrl+C to shut down.
info: Microsoft.Hosting.Lifetime[0]
      Hosting environment: Development
info: Microsoft.Hosting.Lifetime[0]
      Content root path: /Users/linuswieland/Documents/scm/laundry-calendar/laundry-signalr
fail: LaundrySignalR.Services.MongoDbService[0]
      Error creating MongoDB indexes
      System.TimeoutException: A timeout occurred after 30000ms selecting a server using CompositeServerSelector{ Selectors = WritableServerSelector, LatencyLimitingServerSelector{ AllowedLatencyRange = 00:00:00.0150000 }, OperationsCountServerSelector }. Client view of cluster state is { ClusterId : "1", ConnectionMode : "ReplicaSet", Type : "ReplicaSet", State : "Disconnected", Servers : [{ ServerId: "{ ClusterId : 1, EndPoint : "Unspecified/ac-6p32x1o-shard-00-00.bqk4qag.mongodb.net:27017" }", EndPoint: "Unspecified/ac-6p32x1o-shard-00-00.bqk4qag.mongodb.net:27017", ReasonChanged: "Heartbeat", State: "Disconnected", ServerVersion: , TopologyVersion: , Type: "Unknown", HeartbeatException: "MongoDB.Driver.MongoConnectionException: An exception occurred while opening a connection to the server.
       ---> System.Security.Authentication.AuthenticationException: Authentication failed, see inner exception.
       ---> Interop+AppleCrypto+SslException: internal error
         --- End of inner exception stack trace ---
         at System.Net.Security.SslStream.ForceAuthenticationAsync[TIOAdapter](Boolean receiveFirst, Byte[] reAuthenticationData, CancellationToken cancellationToken)
         at System.Net.Security.SslStream.AuthenticateAsClient(String targetHost, X509CertificateCollection clientCertificates, SslProtocols enabledSslProtocols, Boolean checkCertificateRevocation)
         at MongoDB.Driver.Core.Connections.SslStreamFactory.CreateStream(EndPoint endPoint, CancellationToken cancellationToken)
         at MongoDB.Driver.Core.Connections.BinaryConnection.OpenHelper(CancellationToken cancellationToken)
         --- End of inner exception stack trace ---
         at MongoDB.Driver.Core.Connections.BinaryConnection.OpenHelper(CancellationToken cancellationToken)
         at MongoDB.Driver.Core.Connections.BinaryConnection.Open(CancellationToken cancellationToken)
         at MongoDB.Driver.Core.Servers.ServerMonitor.InitializeConnection(CancellationToken cancellationToken)
         at MongoDB.Driver.Core.Servers.ServerMonitor.Heartbeat(CancellationToken cancellationToken)", LastHeartbeatTimestamp: "2025-09-29T21:21:03.0819300Z", LastUpdateTimestamp: "2025-09-29T21:21:03.0819310Z" }, { ServerId: "{ ClusterId : 1, EndPoint : "Unspecified/ac-6p32x1o-shard-00-01.bqk4qag.mongodb.net:27017" }", EndPoint: "Unspecified/ac-6p32x1o-shard-00-01.bqk4qag.mongodb.net:27017", ReasonChanged: "Heartbeat", State: "Disconnected", ServerVersion: , TopologyVersion: , Type: "Unknown", HeartbeatException: "MongoDB.Driver.MongoConnectionException: An exception occurred while opening a connection to the server.
       ---> System.Security.Authentication.AuthenticationException: Authentication failed, see inner exception.
       ---> Interop+AppleCrypto+SslException: internal error
         --- End of inner exception stack trace ---
         at System.Net.Security.SslStream.ForceAuthenticationAsync[TIOAdapter](Boolean receiveFirst, Byte[] reAuthenticationData, CancellationToken cancellationToken)
         at System.Net.Security.SslStream.AuthenticateAsClient(String targetHost, X509CertificateCollection clientCertificates, SslProtocols enabledSslProtocols, Boolean checkCertificateRevocation)
         at MongoDB.Driver.Core.Connections.SslStreamFactory.CreateStream(EndPoint endPoint, CancellationToken cancellationToken)
         at MongoDB.Driver.Core.Connections.BinaryConnection.OpenHelper(CancellationToken cancellationToken)
         --- End of inner exception stack trace ---
         at MongoDB.Driver.Core.Connections.BinaryConnection.OpenHelper(CancellationToken cancellationToken)
         at MongoDB.Driver.Core.Connections.BinaryConnection.Open(CancellationToken cancellationToken)
         at MongoDB.Driver.Core.Servers.ServerMonitor.InitializeConnection(CancellationToken cancellationToken)
         at MongoDB.Driver.Core.Servers.ServerMonitor.Heartbeat(CancellationToken cancellationToken)", LastHeartbeatTimestamp: "2025-09-29T21:21:03.0819460Z", LastUpdateTimestamp: "2025-09-29T21:21:03.0819460Z" }, { ServerId: "{ ClusterId : 1, EndPoint : "Unspecified/ac-6p32x1o-shard-00-02.bqk4qag.mongodb.net:27017" }", EndPoint: "Unspecified/ac-6p32x1o-shard-00-02.bqk4qag.mongodb.net:27017", ReasonChanged: "Heartbeat", State: "Disconnected", ServerVersion: , TopologyVersion: , Type: "Unknown", HeartbeatException: "MongoDB.Driver.MongoConnectionException: An exception occurred while opening a connection to the server.
       ---> System.Security.Authentication.AuthenticationException: Authentication failed, see inner exception.
       ---> Interop+AppleCrypto+SslException: internal error
         --- End of inner exception stack trace ---
         at System.Net.Security.SslStream.ForceAuthenticationAsync[TIOAdapter](Boolean receiveFirst, Byte[] reAuthenticationData, CancellationToken cancellationToken)
         at System.Net.Security.SslStream.AuthenticateAsClient(String targetHost, X509CertificateCollection clientCertificates, SslProtocols enabledSslProtocols, Boolean checkCertificateRevocation)
         at MongoDB.Driver.Core.Connections.SslStreamFactory.CreateStream(EndPoint endPoint, CancellationToken cancellationToken)
         at MongoDB.Driver.Core.Connections.BinaryConnection.OpenHelper(CancellationToken cancellationToken)
         --- End of inner exception stack trace ---
         at MongoDB.Driver.Core.Connections.BinaryConnection.OpenHelper(CancellationToken cancellationToken)
         at MongoDB.Driver.Core.Connections.BinaryConnection.Open(CancellationToken cancellationToken)
         at MongoDB.Driver.Core.Servers.ServerMonitor.InitializeConnection(CancellationToken cancellationToken)
         at MongoDB.Driver.Core.Servers.ServerMonitor.Heartbeat(CancellationToken cancellationToken)", LastHeartbeatTimestamp: "2025-09-29T21:21:03.0788890Z", LastUpdateTimestamp: "2025-09-29T21:21:03.0788900Z" }] }.
         at MongoDB.Driver.Core.Clusters.Cluster.ThrowTimeoutException(IServerSelector selector, ClusterDescription description)
         at MongoDB.Driver.Core.Clusters.Cluster.WaitForDescriptionChanged(IServerSelector selector, ClusterDescription description, Task descriptionChangedTask, TimeSpan timeout, CancellationToken cancellationToken)
         at MongoDB.Driver.Core.Clusters.Cluster.SelectServer(IServerSelector selector, CancellationToken cancellationToken)
         at MongoDB.Driver.Core.Clusters.IClusterExtensions.SelectServerAndPinIfNeeded(ICluster cluster, ICoreSessionHandle session, IServerSelector selector, IReadOnlyCollection`1 deprioritizedServers, CancellationToken cancellationToken)
         at MongoDB.Driver.Core.Bindings.WritableServerBinding.GetWriteChannelSource(IReadOnlyCollection`1 deprioritizedServers, CancellationToken cancellationToken)
         at MongoDB.Driver.Core.Bindings.WritableServerBinding.GetWriteChannelSource(CancellationToken cancellationToken)
         at MongoDB.Driver.Core.Bindings.ReadWriteBindingHandle.GetWriteChannelSource(CancellationToken cancellationToken)
         at MongoDB.Driver.Core.Operations.CreateIndexesOperation.Execute(IWriteBinding binding, CancellationToken cancellationToken)
         at MongoDB.Driver.OperationExecutor.ExecuteWriteOperation[TResult](IWriteBinding binding, IWriteOperation`1 operation, CancellationToken cancellationToken)
         at MongoDB.Driver.MongoCollectionImpl`1.ExecuteWriteOperation[TResult](IClientSessionHandle session, IWriteOperation`1 operation, CancellationToken cancellationToken)
         at MongoDB.Driver.MongoCollectionImpl`1.MongoIndexManager.CreateMany(IClientSessionHandle session, IEnumerable`1 models, CreateManyIndexesOptions options, CancellationToken cancellationToken)
         at MongoDB.Driver.MongoCollectionImpl`1.MongoIndexManager.<>c__DisplayClass9_0.<CreateMany>b__0(IClientSessionHandle session)
         at MongoDB.Driver.MongoCollectionImpl`1.UsingImplicitSession[TResult](Func`2 func, CancellationToken cancellationToken)
         at MongoDB.Driver.MongoCollectionImpl`1.MongoIndexManager.CreateMany(IEnumerable`1 models, CreateManyIndexesOptions options, CancellationToken cancellationToken)
         at MongoDB.Driver.MongoIndexManagerBase`1.CreateOne(CreateIndexModel`1 model, CreateOneIndexOptions options, CancellationToken cancellationToken)
         at LaundrySignalR.Services.MongoDbService.CreateIndexes() in /Users/linuswieland/Documents/scm/laundry-calendar/laundry-signalr/Services/MongoDbService.cs:line 32
fail: LaundrySignalR.Services.MongoDbService[0]
      Error retrieving tenant by code: default
      System.TimeoutException: A timeout occurred after 30000ms selecting a server using CompositeServerSelector{ Selectors = ReadPreferenceServerSelector{ ReadPreference = { Mode : Primary } }, LatencyLimitingServerSelector{ AllowedLatencyRange = 00:00:00.0150000 }, OperationsCountServerSelector }. Client view of cluster state is { ClusterId : "1", ConnectionMode : "ReplicaSet", Type : "ReplicaSet", State : "Disconnected", Servers : [{ ServerId: "{ ClusterId : 1, EndPoint : "Unspecified/ac-6p32x1o-shard-00-00.bqk4qag.mongodb.net:27017" }", EndPoint: "Unspecified/ac-6p32x1o-shard-00-00.bqk4qag.mongodb.net:27017", ReasonChanged: "Heartbeat", State: "Disconnected", ServerVersion: , TopologyVersion: , Type: "Unknown", HeartbeatException: "MongoDB.Driver.MongoConnectionException: An exception occurred while opening a connection to the server.
       ---> System.Security.Authentication.AuthenticationException: Authentication failed, see inner exception.
       ---> Interop+AppleCrypto+SslException: internal error
         --- End of inner exception stack trace ---
         at System.Net.Security.SslStream.ForceAuthenticationAsync[TIOAdapter](Boolean receiveFirst, Byte[] reAuthenticationData, CancellationToken cancellationToken)
         at System.Net.Security.SslStream.AuthenticateAsClient(String targetHost, X509CertificateCollection clientCertificates, SslProtocols enabledSslProtocols, Boolean checkCertificateRevocation)
         at MongoDB.Driver.Core.Connections.SslStreamFactory.CreateStream(EndPoint endPoint, CancellationToken cancellationToken)
         at MongoDB.Driver.Core.Connections.BinaryConnection.OpenHelper(CancellationToken cancellationToken)
         --- End of inner exception stack trace ---
         at MongoDB.Driver.Core.Connections.BinaryConnection.OpenHelper(CancellationToken cancellationToken)
         at MongoDB.Driver.Core.Connections.BinaryConnection.Open(CancellationToken cancellationToken)
         at MongoDB.Driver.Core.Servers.ServerMonitor.InitializeConnection(CancellationToken cancellationToken)
         at MongoDB.Driver.Core.Servers.ServerMonitor.Heartbeat(CancellationToken cancellationToken)", LastHeartbeatTimestamp: "2025-09-29T21:21:33.3127260Z", LastUpdateTimestamp: "2025-09-29T21:21:33.3127260Z" }, { ServerId: "{ ClusterId : 1, EndPoint : "Unspecified/ac-6p32x1o-shard-00-01.bqk4qag.mongodb.net:27017" }", EndPoint: "Unspecified/ac-6p32x1o-shard-00-01.bqk4qag.mongodb.net:27017", ReasonChanged: "Heartbeat", State: "Disconnected", ServerVersion: , TopologyVersion: , Type: "Unknown", HeartbeatException: "MongoDB.Driver.MongoConnectionException: An exception occurred while opening a connection to the server.
       ---> System.Security.Authentication.AuthenticationException: Authentication failed, see inner exception.
       ---> Interop+AppleCrypto+SslException: internal error
         --- End of inner exception stack trace ---
         at System.Net.Security.SslStream.ForceAuthenticationAsync[TIOAdapter](Boolean receiveFirst, Byte[] reAuthenticationData, CancellationToken cancellationToken)
         at System.Net.Security.SslStream.AuthenticateAsClient(String targetHost, X509CertificateCollection clientCertificates, SslProtocols enabledSslProtocols, Boolean checkCertificateRevocation)
         at MongoDB.Driver.Core.Connections.SslStreamFactory.CreateStream(EndPoint endPoint, CancellationToken cancellationToken)
         at MongoDB.Driver.Core.Connections.BinaryConnection.OpenHelper(CancellationToken cancellationToken)
         --- End of inner exception stack trace ---
         at MongoDB.Driver.Core.Connections.BinaryConnection.OpenHelper(CancellationToken cancellationToken)
         at MongoDB.Driver.Core.Connections.BinaryConnection.Open(CancellationToken cancellationToken)
         at MongoDB.Driver.Core.Servers.ServerMonitor.InitializeConnection(CancellationToken cancellationToken)
         at MongoDB.Driver.Core.Servers.ServerMonitor.Heartbeat(CancellationToken cancellationToken)", LastHeartbeatTimestamp: "2025-09-29T21:21:33.3127470Z", LastUpdateTimestamp: "2025-09-29T21:21:33.3127470Z" }, { ServerId: "{ ClusterId : 1, EndPoint : "Unspecified/ac-6p32x1o-shard-00-02.bqk4qag.mongodb.net:27017" }", EndPoint: "Unspecified/ac-6p32x1o-shard-00-02.bqk4qag.mongodb.net:27017", ReasonChanged: "Heartbeat", State: "Disconnected", ServerVersion: , TopologyVersion: , Type: "Unknown", HeartbeatException: "MongoDB.Driver.MongoConnectionException: An exception occurred while opening a connection to the server.
       ---> System.Security.Authentication.AuthenticationException: Authentication failed, see inner exception.
       ---> Interop+AppleCrypto+SslException: internal error
         --- End of inner exception stack trace ---
         at System.Net.Security.SslStream.ForceAuthenticationAsync[TIOAdapter](Boolean receiveFirst, Byte[] reAuthenticationData, CancellationToken cancellationToken)
         at System.Net.Security.SslStream.AuthenticateAsClient(String targetHost, X509CertificateCollection clientCertificates, SslProtocols enabledSslProtocols, Boolean checkCertificateRevocation)
         at MongoDB.Driver.Core.Connections.SslStreamFactory.CreateStream(EndPoint endPoint, CancellationToken cancellationToken)
         at MongoDB.Driver.Core.Connections.BinaryConnection.OpenHelper(CancellationToken cancellationToken)
         --- End of inner exception stack trace ---
         at MongoDB.Driver.Core.Connections.BinaryConnection.OpenHelper(CancellationToken cancellationToken)
         at MongoDB.Driver.Core.Connections.BinaryConnection.Open(CancellationToken cancellationToken)
         at MongoDB.Driver.Core.Servers.ServerMonitor.InitializeConnection(CancellationToken cancellationToken)
         at MongoDB.Driver.Core.Servers.ServerMonitor.Heartbeat(CancellationToken cancellationToken)", LastHeartbeatTimestamp: "2025-09-29T21:21:33.3301730Z", LastUpdateTimestamp: "2025-09-29T21:21:33.3301730Z" }] }.
         at MongoDB.Driver.Core.Clusters.Cluster.ThrowTimeoutException(IServerSelector selector, ClusterDescription description)
         at MongoDB.Driver.Core.Clusters.Cluster.WaitForDescriptionChangedAsync(IServerSelector selector, ClusterDescription description, Task descriptionChangedTask, TimeSpan timeout, CancellationToken cancellationToken)
         at MongoDB.Driver.Core.Clusters.Cluster.SelectServerAsync(IServerSelector selector, CancellationToken cancellationToken)
         at MongoDB.Driver.Core.Clusters.IClusterExtensions.SelectServerAndPinIfNeededAsync(ICluster cluster, ICoreSessionHandle session, IServerSelector selector, IReadOnlyCollection`1 deprioritizedServers, CancellationToken cancellationToken)
         at MongoDB.Driver.Core.Bindings.ReadPreferenceBinding.GetReadChannelSourceAsync(IReadOnlyCollection`1 deprioritizedServers, CancellationToken cancellationToken)
         at MongoDB.Driver.Core.Operations.RetryableReadContext.InitializeAsync(CancellationToken cancellationToken)
         at MongoDB.Driver.Core.Operations.RetryableReadContext.CreateAsync(IReadBinding binding, Boolean retryRequested, CancellationToken cancellationToken)
         at MongoDB.Driver.Core.Operations.FindOperation`1.ExecuteAsync(IReadBinding binding, CancellationToken cancellationToken)
         at MongoDB.Driver.OperationExecutor.ExecuteReadOperationAsync[TResult](IReadBinding binding, IReadOperation`1 operation, CancellationToken cancellationToken)
         at MongoDB.Driver.MongoCollectionImpl`1.ExecuteReadOperationAsync[TResult](IClientSessionHandle session, IReadOperation`1 operation, ReadPreference readPreference, CancellationToken cancellationToken)
         at MongoDB.Driver.MongoCollectionImpl`1.UsingImplicitSessionAsync[TResult](Func`2 funcAsync, CancellationToken cancellationToken)
         at MongoDB.Driver.IAsyncCursorSourceExtensions.FirstOrDefaultAsync[TDocument](IAsyncCursorSource`1 source, CancellationToken cancellationToken)
         at LaundrySignalR.Services.MongoDbService.GetTenantByCodeAsync(String tenantCode) in /Users/linuswieland/Documents/scm/laundry-calendar/laundry-signalr/Services/MongoDbService.cs:line 74
fail: LaundrySignalR.Services.MongoDbService[0]
      Error creating tenant: default
      System.TimeoutException: A timeout occurred after 30000ms selecting a server using CompositeServerSelector{ Selectors = WritableServerSelector, LatencyLimitingServerSelector{ AllowedLatencyRange = 00:00:00.0150000 }, OperationsCountServerSelector }. Client view of cluster state is { ClusterId : "1", ConnectionMode : "ReplicaSet", Type : "ReplicaSet", State : "Disconnected", Servers : [{ ServerId: "{ ClusterId : 1, EndPoint : "Unspecified/ac-6p32x1o-shard-00-00.bqk4qag.mongodb.net:27017" }", EndPoint: "Unspecified/ac-6p32x1o-shard-00-00.bqk4qag.mongodb.net:27017", ReasonChanged: "Heartbeat", State: "Disconnected", ServerVersion: , TopologyVersion: , Type: "Unknown", HeartbeatException: "MongoDB.Driver.MongoConnectionException: An exception occurred while opening a connection to the server.
       ---> System.Security.Authentication.AuthenticationException: Authentication failed, see inner exception.
       ---> Interop+AppleCrypto+SslException: internal error
         --- End of inner exception stack trace ---
         at System.Net.Security.SslStream.ForceAuthenticationAsync[TIOAdapter](Boolean receiveFirst, Byte[] reAuthenticationData, CancellationToken cancellationToken)
         at System.Net.Security.SslStream.AuthenticateAsClient(String targetHost, X509CertificateCollection clientCertificates, SslProtocols enabledSslProtocols, Boolean checkCertificateRevocation)
         at MongoDB.Driver.Core.Connections.SslStreamFactory.CreateStream(EndPoint endPoint, CancellationToken cancellationToken)
         at MongoDB.Driver.Core.Connections.BinaryConnection.OpenHelper(CancellationToken cancellationToken)
         --- End of inner exception stack trace ---
         at MongoDB.Driver.Core.Connections.BinaryConnection.OpenHelper(CancellationToken cancellationToken)
         at MongoDB.Driver.Core.Connections.BinaryConnection.Open(CancellationToken cancellationToken)
         at MongoDB.Driver.Core.Servers.ServerMonitor.InitializeConnection(CancellationToken cancellationToken)
         at MongoDB.Driver.Core.Servers.ServerMonitor.Heartbeat(CancellationToken cancellationToken)", LastHeartbeatTimestamp: "2025-09-29T21:22:03.4518720Z", LastUpdateTimestamp: "2025-09-29T21:22:03.4518730Z" }, { ServerId: "{ ClusterId : 1, EndPoint : "Unspecified/ac-6p32x1o-shard-00-01.bqk4qag.mongodb.net:27017" }", EndPoint: "Unspecified/ac-6p32x1o-shard-00-01.bqk4qag.mongodb.net:27017", ReasonChanged: "Heartbeat", State: "Disconnected", ServerVersion: , TopologyVersion: , Type: "Unknown", HeartbeatException: "MongoDB.Driver.MongoConnectionException: An exception occurred while opening a connection to the server.
       ---> System.Security.Authentication.AuthenticationException: Authentication failed, see inner exception.
       ---> Interop+AppleCrypto+SslException: internal error
         --- End of inner exception stack trace ---
         at System.Net.Security.SslStream.ForceAuthenticationAsync[TIOAdapter](Boolean receiveFirst, Byte[] reAuthenticationData, CancellationToken cancellationToken)
         at System.Net.Security.SslStream.AuthenticateAsClient(String targetHost, X509CertificateCollection clientCertificates, SslProtocols enabledSslProtocols, Boolean checkCertificateRevocation)
         at MongoDB.Driver.Core.Connections.SslStreamFactory.CreateStream(EndPoint endPoint, CancellationToken cancellationToken)
         at MongoDB.Driver.Core.Connections.BinaryConnection.OpenHelper(CancellationToken cancellationToken)
         --- End of inner exception stack trace ---
         at MongoDB.Driver.Core.Connections.BinaryConnection.OpenHelper(CancellationToken cancellationToken)
         at MongoDB.Driver.Core.Connections.BinaryConnection.Open(CancellationToken cancellationToken)
         at MongoDB.Driver.Core.Servers.ServerMonitor.InitializeConnection(CancellationToken cancellationToken)
         at MongoDB.Driver.Core.Servers.ServerMonitor.Heartbeat(CancellationToken cancellationToken)", LastHeartbeatTimestamp: "2025-09-29T21:22:03.4540290Z", LastUpdateTimestamp: "2025-09-29T21:22:03.4540300Z" }, { ServerId: "{ ClusterId : 1, EndPoint : "Unspecified/ac-6p32x1o-shard-00-02.bqk4qag.mongodb.net:27017" }", EndPoint: "Unspecified/ac-6p32x1o-shard-00-02.bqk4qag.mongodb.net:27017", ReasonChanged: "Heartbeat", State: "Disconnected", ServerVersion: , TopologyVersion: , Type: "Unknown", HeartbeatException: "MongoDB.Driver.MongoConnectionException: An exception occurred while opening a connection to the server.
       ---> System.Security.Authentication.AuthenticationException: Authentication failed, see inner exception.
       ---> Interop+AppleCrypto+SslException: internal error
         --- End of inner exception stack trace ---
         at System.Net.Security.SslStream.ForceAuthenticationAsync[TIOAdapter](Boolean receiveFirst, Byte[] reAuthenticationData, CancellationToken cancellationToken)
         at System.Net.Security.SslStream.AuthenticateAsClient(String targetHost, X509CertificateCollection clientCertificates, SslProtocols enabledSslProtocols, Boolean checkCertificateRevocation)
         at MongoDB.Driver.Core.Connections.SslStreamFactory.CreateStream(EndPoint endPoint, CancellationToken cancellationToken)
         at MongoDB.Driver.Core.Connections.BinaryConnection.OpenHelper(CancellationToken cancellationToken)
         --- End of inner exception stack trace ---
         at MongoDB.Driver.Core.Connections.BinaryConnection.OpenHelper(CancellationToken cancellationToken)
         at MongoDB.Driver.Core.Connections.BinaryConnection.Open(CancellationToken cancellationToken)
         at MongoDB.Driver.Core.Servers.ServerMonitor.InitializeConnection(CancellationToken cancellationToken)
         at MongoDB.Driver.Core.Servers.ServerMonitor.Heartbeat(CancellationToken cancellationToken)", LastHeartbeatTimestamp: "2025-09-29T21:22:03.4598590Z", LastUpdateTimestamp: "2025-09-29T21:22:03.4598590Z" }] }.
         at MongoDB.Driver.Core.Clusters.Cluster.ThrowTimeoutException(IServerSelector selector, ClusterDescription description)
         at MongoDB.Driver.Core.Clusters.Cluster.WaitForDescriptionChangedAsync(IServerSelector selector, ClusterDescription description, Task descriptionChangedTask, TimeSpan timeout, CancellationToken cancellationToken)
         at MongoDB.Driver.Core.Clusters.Cluster.SelectServerAsync(IServerSelector selector, CancellationToken cancellationToken)
         at MongoDB.Driver.Core.Clusters.IClusterExtensions.SelectServerAndPinIfNeededAsync(ICluster cluster, ICoreSessionHandle session, IServerSelector selector, IReadOnlyCollection`1 deprioritizedServers, CancellationToken cancellationToken)
         at MongoDB.Driver.Core.Bindings.WritableServerBinding.GetWriteChannelSourceAsync(IReadOnlyCollection`1 deprioritizedServers, CancellationToken cancellationToken)
         at MongoDB.Driver.Core.Operations.RetryableWriteContext.InitializeAsync(CancellationToken cancellationToken)
         at MongoDB.Driver.Core.Operations.RetryableWriteContext.CreateAsync(IWriteBinding binding, Boolean retryRequested, CancellationToken cancellationToken)
         at MongoDB.Driver.Core.Operations.BulkMixedWriteOperation.ExecuteAsync(IWriteBinding binding, CancellationToken cancellationToken)
         at MongoDB.Driver.OperationExecutor.ExecuteWriteOperationAsync[TResult](IWriteBinding binding, IWriteOperation`1 operation, CancellationToken cancellationToken)
         at MongoDB.Driver.MongoCollectionImpl`1.ExecuteWriteOperationAsync[TResult](IClientSessionHandle session, IWriteOperation`1 operation, CancellationToken cancellationToken)
         at MongoDB.Driver.MongoCollectionImpl`1.BulkWriteAsync(IClientSessionHandle session, IEnumerable`1 requests, BulkWriteOptions options, CancellationToken cancellationToken)
         at MongoDB.Driver.MongoCollectionImpl`1.UsingImplicitSessionAsync[TResult](Func`2 funcAsync, CancellationToken cancellationToken)
         at MongoDB.Driver.MongoCollectionBase`1.InsertOneAsync(TDocument document, InsertOneOptions options, Func`3 bulkWriteAsync)
         at LaundrySignalR.Services.MongoDbService.CreateTenantAsync(Tenant tenant) in /Users/linuswieland/Documents/scm/laundry-calendar/laundry-signalr/Services/MongoDbService.cs:line 88
fail: LaundrySignalR.Middleware.TenantResolverMiddleware[0]
      Error resolving tenant: default
      System.TimeoutException: A timeout occurred after 30000ms selecting a server using CompositeServerSelector{ Selectors = WritableServerSelector, LatencyLimitingServerSelector{ AllowedLatencyRange = 00:00:00.0150000 }, OperationsCountServerSelector }. Client view of cluster state is { ClusterId : "1", ConnectionMode : "ReplicaSet", Type : "ReplicaSet", State : "Disconnected", Servers : [{ ServerId: "{ ClusterId : 1, EndPoint : "Unspecified/ac-6p32x1o-shard-00-00.bqk4qag.mongodb.net:27017" }", EndPoint: "Unspecified/ac-6p32x1o-shard-00-00.bqk4qag.mongodb.net:27017", ReasonChanged: "Heartbeat", State: "Disconnected", ServerVersion: , TopologyVersion: , Type: "Unknown", HeartbeatException: "MongoDB.Driver.MongoConnectionException: An exception occurred while opening a connection to the server.
       ---> System.Security.Authentication.AuthenticationException: Authentication failed, see inner exception.
       ---> Interop+AppleCrypto+SslException: internal error
         --- End of inner exception stack trace ---
         at System.Net.Security.SslStream.ForceAuthenticationAsync[TIOAdapter](Boolean receiveFirst, Byte[] reAuthenticationData, CancellationToken cancellationToken)
         at System.Net.Security.SslStream.AuthenticateAsClient(String targetHost, X509CertificateCollection clientCertificates, SslProtocols enabledSslProtocols, Boolean checkCertificateRevocation)
         at MongoDB.Driver.Core.Connections.SslStreamFactory.CreateStream(EndPoint endPoint, CancellationToken cancellationToken)
         at MongoDB.Driver.Core.Connections.BinaryConnection.OpenHelper(CancellationToken cancellationToken)
         --- End of inner exception stack trace ---
         at MongoDB.Driver.Core.Connections.BinaryConnection.OpenHelper(CancellationToken cancellationToken)
         at MongoDB.Driver.Core.Connections.BinaryConnection.Open(CancellationToken cancellationToken)
         at MongoDB.Driver.Core.Servers.ServerMonitor.InitializeConnection(CancellationToken cancellationToken)
         at MongoDB.Driver.Core.Servers.ServerMonitor.Heartbeat(CancellationToken cancellationToken)", LastHeartbeatTimestamp: "2025-09-29T21:22:03.4518720Z", LastUpdateTimestamp: "2025-09-29T21:22:03.4518730Z" }, { ServerId: "{ ClusterId : 1, EndPoint : "Unspecified/ac-6p32x1o-shard-00-01.bqk4qag.mongodb.net:27017" }", EndPoint: "Unspecified/ac-6p32x1o-shard-00-01.bqk4qag.mongodb.net:27017", ReasonChanged: "Heartbeat", State: "Disconnected", ServerVersion: , TopologyVersion: , Type: "Unknown", HeartbeatException: "MongoDB.Driver.MongoConnectionException: An exception occurred while opening a connection to the server.
       ---> System.Security.Authentication.AuthenticationException: Authentication failed, see inner exception.
       ---> Interop+AppleCrypto+SslException: internal error
         --- End of inner exception stack trace ---
         at System.Net.Security.SslStream.ForceAuthenticationAsync[TIOAdapter](Boolean receiveFirst, Byte[] reAuthenticationData, CancellationToken cancellationToken)
         at System.Net.Security.SslStream.AuthenticateAsClient(String targetHost, X509CertificateCollection clientCertificates, SslProtocols enabledSslProtocols, Boolean checkCertificateRevocation)
         at MongoDB.Driver.Core.Connections.SslStreamFactory.CreateStream(EndPoint endPoint, CancellationToken cancellationToken)
         at MongoDB.Driver.Core.Connections.BinaryConnection.OpenHelper(CancellationToken cancellationToken)
         --- End of inner exception stack trace ---
         at MongoDB.Driver.Core.Connections.BinaryConnection.OpenHelper(CancellationToken cancellationToken)
         at MongoDB.Driver.Core.Connections.BinaryConnection.Open(CancellationToken cancellationToken)
         at MongoDB.Driver.Core.Servers.ServerMonitor.InitializeConnection(CancellationToken cancellationToken)
         at MongoDB.Driver.Core.Servers.ServerMonitor.Heartbeat(CancellationToken cancellationToken)", LastHeartbeatTimestamp: "2025-09-29T21:22:03.4540290Z", LastUpdateTimestamp: "2025-09-29T21:22:03.4540300Z" }, { ServerId: "{ ClusterId : 1, EndPoint : "Unspecified/ac-6p32x1o-shard-00-02.bqk4qag.mongodb.net:27017" }", EndPoint: "Unspecified/ac-6p32x1o-shard-00-02.bqk4qag.mongodb.net:27017", ReasonChanged: "Heartbeat", State: "Disconnected", ServerVersion: , TopologyVersion: , Type: "Unknown", HeartbeatException: "MongoDB.Driver.MongoConnectionException: An exception occurred while opening a connection to the server.
       ---> System.Security.Authentication.AuthenticationException: Authentication failed, see inner exception.
       ---> Interop+AppleCrypto+SslException: internal error
         --- End of inner exception stack trace ---
         at System.Net.Security.SslStream.ForceAuthenticationAsync[TIOAdapter](Boolean receiveFirst, Byte[] reAuthenticationData, CancellationToken cancellationToken)
         at System.Net.Security.SslStream.AuthenticateAsClient(String targetHost, X509CertificateCollection clientCertificates, SslProtocols enabledSslProtocols, Boolean checkCertificateRevocation)
         at MongoDB.Driver.Core.Connections.SslStreamFactory.CreateStream(EndPoint endPoint, CancellationToken cancellationToken)
         at MongoDB.Driver.Core.Connections.BinaryConnection.OpenHelper(CancellationToken cancellationToken)
         --- End of inner exception stack trace ---
         at MongoDB.Driver.Core.Connections.BinaryConnection.OpenHelper(CancellationToken cancellationToken)
         at MongoDB.Driver.Core.Connections.BinaryConnection.Open(CancellationToken cancellationToken)
         at MongoDB.Driver.Core.Servers.ServerMonitor.InitializeConnection(CancellationToken cancellationToken)
         at MongoDB.Driver.Core.Servers.ServerMonitor.Heartbeat(CancellationToken cancellationToken)", LastHeartbeatTimestamp: "2025-09-29T21:22:03.4598590Z", LastUpdateTimestamp: "2025-09-29T21:22:03.4598590Z" }] }.
         at MongoDB.Driver.Core.Clusters.Cluster.ThrowTimeoutException(IServerSelector selector, ClusterDescription description)
         at MongoDB.Driver.Core.Clusters.Cluster.WaitForDescriptionChangedAsync(IServerSelector selector, ClusterDescription description, Task descriptionChangedTask, TimeSpan timeout, CancellationToken cancellationToken)
         at MongoDB.Driver.Core.Clusters.Cluster.SelectServerAsync(IServerSelector selector, CancellationToken cancellationToken)
         at MongoDB.Driver.Core.Clusters.IClusterExtensions.SelectServerAndPinIfNeededAsync(ICluster cluster, ICoreSessionHandle session, IServerSelector selector, IReadOnlyCollection`1 deprioritizedServers, CancellationToken cancellationToken)
         at MongoDB.Driver.Core.Bindings.WritableServerBinding.GetWriteChannelSourceAsync(IReadOnlyCollection`1 deprioritizedServers, CancellationToken cancellationToken)
         at MongoDB.Driver.Core.Operations.RetryableWriteContext.InitializeAsync(CancellationToken cancellationToken)
         at MongoDB.Driver.Core.Operations.RetryableWriteContext.CreateAsync(IWriteBinding binding, Boolean retryRequested, CancellationToken cancellationToken)
         at MongoDB.Driver.Core.Operations.BulkMixedWriteOperation.ExecuteAsync(IWriteBinding binding, CancellationToken cancellationToken)
         at MongoDB.Driver.OperationExecutor.ExecuteWriteOperationAsync[TResult](IWriteBinding binding, IWriteOperation`1 operation, CancellationToken cancellationToken)
         at MongoDB.Driver.MongoCollectionImpl`1.ExecuteWriteOperationAsync[TResult](IClientSessionHandle session, IWriteOperation`1 operation, CancellationToken cancellationToken)
         at MongoDB.Driver.MongoCollectionImpl`1.BulkWriteAsync(IClientSessionHandle session, IEnumerable`1 requests, BulkWriteOptions options, CancellationToken cancellationToken)
         at MongoDB.Driver.MongoCollectionImpl`1.UsingImplicitSessionAsync[TResult](Func`2 funcAsync, CancellationToken cancellationToken)
         at MongoDB.Driver.MongoCollectionBase`1.InsertOneAsync(TDocument document, InsertOneOptions options, Func`3 bulkWriteAsync)
         at LaundrySignalR.Services.MongoDbService.CreateTenantAsync(Tenant tenant) in /Users/linuswieland/Documents/scm/laundry-calendar/laundry-signalr/Services/MongoDbService.cs:line 88
         at LaundrySignalR.Middleware.TenantResolverMiddleware.InvokeAsync(HttpContext context, ITenantContextService tenantContext, IMongoDbService mongoDbService) in /Users/linuswieland/Documents/scm/laundry-calendar/laundry-signalr/Middleware/TenantResolverMiddleware.cs:line 60
info: LaundrySignalR.Hubs.ReservationHub[0]
      Client connected: Y2f-9hU3TzXcNu3xattI2A for tenant: 68d8440b5d201489168280ba
info: LaundrySignalR.Hubs.ReservationHub[0]
      Client connected: MOPhow1f4PEjuBgyTQ8WnA for tenant: 68d8440b5d201489168280ba
info: LaundrySignalR.Hubs.ReservationHub[0]
      Client disconnected: MOPhow1f4PEjuBgyTQ8WnA from tenant: 68d8440b5d201489168280ba
info: LaundrySignalR.Hubs.ReservationHub[0]
      Client disconnected: Y2f-9hU3TzXcNu3xattI2A from tenant: 68d8440b5d201489168280ba
info: LaundrySignalR.Hubs.ReservationHub[0]
      Client connected: iDe1NmqJQmdIJQ1eOvUs3g for tenant: 68d8440b5d201489168280ba
info: LaundrySignalR.Hubs.ReservationHub[0]
      Client connected: muh4m5NNL4ZxoGAgxFHtdg for tenant: 68d8440b5d201489168280ba
